Configuring csv-enumerator-0.10.2.0...
Preprocessing library for csv-enumerator-0.10.2.0..
Building library for csv-enumerator-0.10.2.0..
[1 of 3] Compiling Data.CSV.Enumerator.Types ( src\Data\CSV\Enumerator\Types.hs, .stack-work\dist\5c8418a7\build\Data\CSV\Enumerator\Types.o )
[2 of 3] Compiling Data.CSV.Enumerator.Parser ( src\Data\CSV\Enumerator\Parser.hs, .stack-work\dist\5c8418a7\build\Data\CSV\Enumerator\Parser.o )

src\Data\CSV\Enumerator\Parser.hs:24:1: warning: [-Wdeprecations]
    Module `Data.Attoparsec' is deprecated:
      This module will be removed in the next major release.
   |
24 | import Data.Attoparsec as P hiding (take)
   | ^^^^^^^^^^^^^^^^^^^^^^^^^^^^^^^^^^^^^^^^^

src\Data\CSV\Enumerator\Parser.hs:25:1: warning: [-Wdeprecations]
    Module `Data.Attoparsec.Char8' is deprecated:
      This module will be removed in the next major release.
   |
25 | import qualified Data.Attoparsec.Char8 as C8
   | ^^^^^^^^^^^^^^^^^^^^^^^^^^^^^^^^^^^^^^^^^^^^
[3 of 3] Compiling Data.CSV.Enumerator ( src\Data\CSV\Enumerator.hs, .stack-work\dist\5c8418a7\build\Data\CSV\Enumerator.o )

src\Data\CSV\Enumerator.hs:73:1: warning: [-Wdeprecations]
    Module `Data.Attoparsec' is deprecated:
      This module will be removed in the next major release.
   |
73 | import           Data.Attoparsec            as P hiding (take)
   | ^^^^^^^^^^^^^^^^^^^^^^^^^^^^^^^^^^^^^^^^^^^^^^^^^^^^^^^^^^^^^^

src\Data\CSV\Enumerator.hs:74:1: warning: [-Wdeprecations]
    Module `Data.Attoparsec.Char8' is deprecated:
      This module will be removed in the next major release.
   |
74 | import qualified Data.Attoparsec.Char8      as C8
   | ^^^^^^^^^^^^^^^^^^^^^^^^^^^^^^^^^^^^^^^^^^^^^^^^^

src\Data\CSV\Enumerator.hs:550:7: warning: [-Wtabs]
    Tab character found here.
    Please use spaces instead.
    |
550 |         then f' (headerDone, 0) r'  -- Headers are done, now process row
    |       ^^
Installing library in D:\Projekty\Studia\PORR-threads\.stack-work\install\c1f464f3\lib\x86_64-windows-ghc-8.2.2\csv-enumerator-0.10.2.0-GJ2h9chpP8OAzBAlcsuA0F
Registering library for csv-enumerator-0.10.2.0..
